  main.cpp
D:\Code\VS2022\chess_cpp\Chess\save.h(15,46): warning C4244: 'argument': conversion from 'float' to 'unsigned int', possible loss of data
D:\Code\VS2022\chess_cpp\Chess\save.h(15,43): warning C4244: 'argument': conversion from 'float' to 'unsigned int', possible loss of data
D:\Code\VS2022\chess_cpp\Chess\save.h(37,63): warning C4244: 'argument': conversion from 'T' to 'T', possible loss of data
          with
          [
              T=int
          ]
          and
          [
              T=float
          ]
D:\Code\VS2022\chess_cpp\Chess\save.h(37,57): warning C4244: 'argument': conversion from 'T' to 'T', possible loss of data
          with
          [
              T=int
          ]
          and
          [
              T=float
          ]
D:\Code\VS2022\chess_cpp\Chess\ChessBoard.h(91,50): warning C4244: 'argument': conversion from 'const float' to 'unsigned int', possible loss of data
D:\Code\VS2022\chess_cpp\Chess\ChessBoard.h(91,43): warning C4244: 'argument': conversion from 'const float' to 'unsigned int', possible loss of data
D:\Code\VS2022\chess_cpp\Chess\ChessBoard.h(132,72): warning C4244: 'argument': conversion from 'T' to 'T', possible loss of data
          with
          [
              T=int
          ]
          and
          [
              T=float
          ]
D:\Code\VS2022\chess_cpp\Chess\ChessBoard.h(132,66): warning C4244: 'argument': conversion from 'T' to 'T', possible loss of data
          with
          [
              T=int
          ]
          and
          [
              T=float
          ]
D:\Code\VS2022\chess_cpp\Chess\ChessBoard.h(146,72): warning C4244: 'argument': conversion from 'T' to 'T', possible loss of data
          with
          [
              T=int
          ]
          and
          [
              T=float
          ]
D:\Code\VS2022\chess_cpp\Chess\ChessBoard.h(146,66): warning C4244: 'argument': conversion from 'T' to 'T', possible loss of data
          with
          [
              T=int
          ]
          and
          [
              T=float
          ]
D:\Code\VS2022\chess_cpp\Chess\ChessBoard.h(163,72): warning C4244: 'argument': conversion from 'T' to 'T', possible loss of data
          with
          [
              T=int
          ]
          and
          [
              T=float
          ]
D:\Code\VS2022\chess_cpp\Chess\ChessBoard.h(163,66): warning C4244: 'argument': conversion from 'T' to 'T', possible loss of data
          with
          [
              T=int
          ]
          and
          [
              T=float
          ]
D:\Code\VS2022\chess_cpp\Chess\ChessBoard.h(103,9): warning C4101: 'alience': unreferenced local variable
D:\Code\VS2022\chess_cpp\Chess\ChessBoard.h(103,17): warning C4101: 'position': unreferenced local variable
D:\Code\VS2022\chess_cpp\Chess\play.h(17,46): warning C4244: 'argument': conversion from 'const float' to 'unsigned int', possible loss of data
D:\Code\VS2022\chess_cpp\Chess\play.h(17,43): warning C4244: 'argument': conversion from 'const float' to 'unsigned int', possible loss of data
D:\Code\VS2022\chess_cpp\Chess\play.h(45,63): warning C4244: 'argument': conversion from 'T' to 'T', possible loss of data
          with
          [
              T=int
          ]
          and
          [
              T=float
          ]
D:\Code\VS2022\chess_cpp\Chess\play.h(45,57): warning C4244: 'argument': conversion from 'T' to 'T', possible loss of data
          with
          [
              T=int
          ]
          and
          [
              T=float
          ]
D:\Code\VS2022\chess_cpp\Chess\play.h(50,63): warning C4244: 'argument': conversion from 'T' to 'T', possible loss of data
          with
          [
              T=int
          ]
          and
          [
              T=float
          ]
D:\Code\VS2022\chess_cpp\Chess\play.h(50,57): warning C4244: 'argument': conversion from 'T' to 'T', possible loss of data
          with
          [
              T=int
          ]
          and
          [
              T=float
          ]
  Generating code
  0 of 323 functions ( 0.0%) were compiled, the rest were copied from previous compilation.
    0 functions were new in current compilation
    0 functions had inline decision re-evaluated but remain unchanged
  Finished generating code
  chess_cpp.vcxproj -> D:\Code\VS2022\chess_cpp\x64\Release\chess_cpp.exe
